<?xml version="1.0" encoding="UTF-8"?>
<!-- Generated by org.testng.reporters.JUnitReportReporter -->
<testsuite hostname="hanjianlong-PC" name="com.example.tests.Test1" tests="1" failures="0" timestamp="6 Jan 2016 09:03:31 GMT" time="12.842" errors="0">
  <testcase name="test1" time="12.842" classname="com.example.tests.Test1"/>
</testsuite> <!-- com.example.tests.Test1 -->
