<?xml version="1.0" encoding="UTF-8"?>
<!-- Generated by org.testng.reporters.JUnitReportReporter -->
<testsuite hostname="hanjianlong-PC" name="com.example.tests.Untitled" tests="1" failures="0" timestamp="29 Dec 2015 10:31:39 GMT" time="8.707" errors="0">
  <testcase name="testUntitled" time="8.707" classname="com.example.tests.Untitled"/>
</testsuite> <!-- com.example.tests.Untitled -->
